[0120/151114.354:ERROR:directory_reader_win.cc(43)] FindFirstFile: Системе не удается найти указанный путь. (0x3)
[0121/151114.482:ERROR:directory_reader_win.cc(43)] FindFirstFile: Системе не удается найти указанный путь. (0x3)
[0122/183526.827:ERROR:directory_reader_win.cc(43)] FindFirstFile: Системе не удается найти указанный путь. (0x3)
[0124/150045.523:ERROR:directory_reader_win.cc(43)] FindFirstFile: Системе не удается найти указанный путь. (0x3)
[0124/230043.010:ERROR:process_memory_win.cc(73)] ReadMemory at 0x7fed5482000 of 56 bytes failed: Запрос ReadProcessMemory или WriteProcessMemory был выполнен только частично. (0x12B)
[0124/230043.240:WARNING:pe_image_reader.cc(113)] could not read crashpad info from C:\Program Files (x86)\Google\Chrome\Application\87.0.4280.141\chrome_elf.dll
[0124/230043.298:ERROR:process_memory_win.cc(73)] ReadMemory at 0x7fefbd00000 of 64 bytes failed: Запрос ReadProcessMemory или WriteProcessMemory был выполнен только частично. (0x12B)
[0124/230043.298:WARNING:pe_image_reader.cc(340)] could not read dos header from C:\Windows\system32\VERSION.dll
[0124/230043.298:ERROR:process_memory_win.cc(73)] ReadMemory at 0x7fefd2f0000 of 64 bytes failed: Запрос ReadProcessMemory или WriteProcessMemory был выполнен только частично. (0x12B)
[0124/230043.299:WARNING:pe_image_reader.cc(340)] could not read dos header from C:\Windows\system32\msvcrt.dll
[0124/230043.299:ERROR:process_memory_win.cc(73)] ReadMemory at 0x7feeb250000 of 64 bytes failed: Запрос ReadProcessMemory или WriteProcessMemory был выполнен только частично. (0x12B)
[0124/230043.299:WARNING:pe_image_reader.cc(340)] could not read dos header from C:\Windows\system32\api-ms-win-core-synch-l1-2-0.DLL
[0124/230043.299:ERROR:process_memory_win.cc(73)] ReadMemory at 0x7fefe820000 of 64 bytes failed: Запрос ReadProcessMemory или WriteProcessMemory был выполнен только частично. (0x12B)
[0124/230043.299:WARNING:pe_image_reader.cc(340)] could not read dos header from C:\Windows\system32\GDI32.dll
[0124/230043.299:ERROR:process_memory_win.cc(73)] ReadMemory at 0x76eb0000 of 64 bytes failed: Запрос ReadProcessMemory или WriteProcessMemory был выполнен только частично. (0x12B)
[0124/230043.299:WARNING:pe_image_reader.cc(340)] could not read dos header from C:\Windows\system32\USER32.dll
[0124/230043.299:ERROR:process_memory_win.cc(73)] ReadMemory at 0x7fefecf0000 of 64 bytes failed: Запрос ReadProcessMemory или WriteProcessMemory был выполнен только частично. (0x12B)
[0124/230043.299:WARNING:pe_image_reader.cc(340)] could not read dos header from C:\Windows\system32\LPK.dll
[0124/230043.299:ERROR:process_memory_win.cc(73)] ReadMemory at 0x7fefeec0000 of 64 bytes failed: Запрос ReadProcessMemory или WriteProcessMemory был выполнен только частично. (0x12B)
[0124/230043.299:WARNING:pe_image_reader.cc(340)] could not read dos header from C:\Windows\system32\USP10.dll
[0124/230043.299:ERROR:process_memory_win.cc(73)] ReadMemory at 0x7fefd390000 of 64 bytes failed: Запрос ReadProcessMemory или WriteProcessMemory был выполнен только частично. (0x12B)
[0124/230043.299:WARNING:pe_image_reader.cc(340)] could not read dos header from C:\Windows\system32\IMM32.DLL
[0124/230043.299:ERROR:process_memory_win.cc(73)] ReadMemory at 0x7fefd060000 of 64 bytes failed: Запрос ReadProcessMemory или WriteProcessMemory был выполнен только частично. (0x12B)
[0124/230043.299:WARNING:pe_image_reader.cc(340)] could not read dos header from C:\Windows\system32\MSCTF.dll
[0124/230043.299:ERROR:process_memory_win.cc(73)] ReadMemory at 0x7fefeff0000 of 64 bytes failed: Запрос ReadProcessMemory или WriteProcessMemory был выполнен только частично. (0x12B)
[0124/230043.299:WARNING:pe_image_reader.cc(340)] could not read dos header from C:\Windows\system32\ADVAPI32.dll
[0124/230043.299:ERROR:process_memory_win.cc(73)] ReadMemory at 0x7feff0d0000 of 64 bytes failed: Запрос ReadProcessMemory или WriteProcessMemory был выполнен только частично. (0x12B)
[0124/230043.299:WARNING:pe_image_reader.cc(340)] could not read dos header from C:\Windows\SYSTEM32\sechost.dll
[0124/230043.299:ERROR:process_memory_win.cc(73)] ReadMemory at 0x7fefd170000 of 64 bytes failed: Запрос ReadProcessMemory или WriteProcessMemory был выполнен только частично. (0x12B)
[0124/230043.300:WARNING:pe_image_reader.cc(340)] could not read dos header from C:\Windows\system32\RPCRT4.dll
[0124/230043.300:ERROR:process_memory_win.cc(73)] ReadMemory at 0x7fec3a50000 of 64 bytes failed: Запрос ReadProcessMemory или WriteProcessMemory был выполнен только частично. (0x12B)
[0124/230043.300:WARNING:pe_image_reader.cc(340)] could not read dos header from C:\Program Files (x86)\Google\Chrome\Application\87.0.4280.141\chrome.dll
[0124/230043.300:ERROR:process_memory_win.cc(73)] ReadMemory at 0x7fef8b70000 of 64 bytes failed: Запрос ReadProcessMemory или WriteProcessMemory был выполнен только частично. (0x12B)
[0124/230043.300:WARNING:pe_image_reader.cc(340)] could not read dos header from C:\Windows\system32\dbghelp.dll
[0124/230043.300:ERROR:process_memory_win.cc(73)] ReadMemory at 0x7fefd2a0000 of 64 bytes failed: Запрос ReadProcessMemory или WriteProcessMemory был выполнен только частично. (0x12B)
[0124/230043.300:WARNING:pe_image_reader.cc(340)] could not read dos header from C:\Windows\system32\WS2_32.dll
[0124/230043.300:ERROR:process_memory_win.cc(73)] ReadMemory at 0x7fefee90000 of 64 bytes failed: Запрос ReadProcessMemory или WriteProcessMemory был выполнен только частично. (0x12B)
[0124/230043.300:WARNING:pe_image_reader.cc(340)] could not read dos header from C:\Windows\system32\NSI.dll
[0124/230043.300:ERROR:process_memory_win.cc(73)] ReadMemory at 0x7fefa470000 of 64 bytes failed: Запрос ReadProcessMemory или WriteProcessMemory был выполнен только частично. (0x12B)
[0124/230043.300:WARNING:pe_image_reader.cc(340)] could not read dos header from C:\Windows\system32\IPHLPAPI.DLL
[0124/230043.300:ERROR:process_memory_win.cc(73)] ReadMemory at 0x7fefa460000 of 64 bytes failed: Запрос ReadProcessMemory или WriteProcessMemory был выполнен только частично. (0x12B)
[0124/230043.300:WARNING:pe_image_reader.cc(340)] could not read dos header from C:\Windows\system32\WINNSI.DLL
[0124/230043.300:ERROR:process_memory_win.cc(73)] ReadMemory at 0x7fefd460000 of 64 bytes failed: Запрос ReadProcessMemory или WriteProcessMemory был выполнен только частично. (0x12B)
[0124/230043.300:WARNING:pe_image_reader.cc(340)] could not read dos header from C:\Windows\system32\OLEAUT32.dll
[0124/230043.300:ERROR:process_memory_win.cc(73)] ReadMemory at 0x7fefe890000 of 64 bytes failed: Запрос ReadProcessMemory или WriteProcessMemory был выполнен только частично. (0x12B)
[0124/230043.300:WARNING:pe_image_reader.cc(340)] could not read dos header from C:\Windows\system32\ole32.dll
[0124/230043.300:ERROR:process_memory_win.cc(73)] ReadMemory at 0x7fefa770000 of 64 bytes failed: Запрос ReadProcessMemory или WriteProcessMemory был выполнен только частично. (0x12B)
[0124/230043.300:WARNING:pe_image_reader.cc(340)] could not read dos header from C:\Windows\system32\WINMM.dll
[0124/230043.300:ERROR:process_memory_win.cc(73)] ReadMemory at 0x7fee39f0000 of 64 bytes failed: Запрос ReadProcessMemory или WriteProcessMemory был выполнен только частично. (0x12B)
[0124/230043.300:WARNING:pe_image_reader.cc(340)] could not read dos header from C:\Windows\system32\UIAutomationCore.DLL
[0124/230043.301:ERROR:process_memory_win.cc(73)] ReadMemory at 0x970000 of 64 bytes failed: Запрос ReadProcessMemory или WriteProcessMemory был выполнен только частично. (0x12B)
[0124/230043.301:WARNING:pe_image_reader.cc(340)] could not read dos header from C:\Windows\system32\PSAPI.DLL
[0124/230043.301:ERROR:process_memory_win.cc(73)] ReadMemory at 0x7fefa400000 of 64 bytes failed: Запрос ReadProcessMemory или WriteProcessMemory был выполнен только частично. (0x12B)
[0124/230043.301:WARNING:pe_image_reader.cc(340)] could not read dos header from C:\Windows\system32\OLEACC.dll
[0124/230043.301:ERROR:process_memory_win.cc(73)] ReadMemory at 0x7fefc9c0000 of 64 bytes failed: Запрос ReadProcessMemory или WriteProcessMemory был выполнен только частично. (0x12B)
[0124/230043.301:WARNING:pe_image_reader.cc(340)] could not read dos header from C:\Windows\system32\Secur32.dll
[0124/230043.419:ERROR:process_memory_win.cc(73)] ReadMemory at 0x7fefc9f0000 of 64 bytes failed: Запрос ReadProcessMemory или WriteProcessMemory был выполнен только частично. (0x12B)
[0124/230043.419:WARNING:pe_image_reader.cc(340)] could not read dos header from C:\Windows\system32\SSPICLI.DLL
[0124/230043.420:ERROR:process_memory_win.cc(73)] ReadMemory at 0x7fefcfb0000 of 64 bytes failed: Запрос ReadProcessMemory или WriteProcessMemory был выполнен только частично. (0x12B)
[0124/230043.421:WARNING:pe_image_reader.cc(340)] could not read dos header from C:\Windows\system32\USERENV.dll
[0124/230043.421:ERROR:process_memory_win.cc(73)] ReadMemory at 0x7fefcc20000 of 64 bytes failed: Запрос ReadProcessMemory или WriteProcessMemory был выполнен только частично. (0x12B)
[0124/230043.421:WARNING:pe_image_reader.cc(340)] could not read dos header from C:\Windows\system32\profapi.dll
[0124/230043.421:ERROR:process_memory_win.cc(73)] ReadMemory at 0x7fefcf60000 of 64 bytes failed: Запрос ReadProcessMemory или WriteProcessMemory был выполнен только частично. (0x12B)
[0124/230043.421:WARNING:pe_image_reader.cc(340)] could not read dos header from C:\Windows\system32\WINTRUST.dll
[0124/230043.421:ERROR:process_memory_win.cc(73)] ReadMemory at 0x7fefcc40000 of 64 bytes failed: Запрос ReadProcessMemory или WriteProcessMemory был выполнен только частично. (0x12B)
[0124/230043.421:WARNING:pe_image_reader.cc(340)] could not read dos header from C:\Windows\system32\CRYPT32.dll
[0124/230043.421:ERROR:process_memory_win.cc(73)] ReadMemory at 0x7fefcc30000 of 64 bytes failed: Запрос ReadProcessMemory или WriteProcessMemory был выполнен только частично. (0x12B)
[0124/230043.421:WARNING:pe_image_reader.cc(340)] could not read dos header from C:\Windows\system32\MSASN1.dll
[0124/230043.421:ERROR:process_memory_win.cc(73)] ReadMemory at 0x7fee3740000 of 64 bytes failed: Запрос ReadProcessMemory или WriteProcessMemory был выполнен только частично. (0x12B)
[0124/230043.421:WARNING:pe_image_reader.cc(340)] could not read dos header from C:\Windows\system32\DWrite.dll
[0124/230043.422:ERROR:process_memory_win.cc(73)] ReadMemory at 0x7feeb260000 of 64 bytes failed: Запрос ReadProcessMemory или WriteProcessMemory был выполнен только частично. (0x12B)
[0124/230043.422:WARNING:pe_image_reader.cc(340)] could not read dos header from C:\Windows\system32\WINSPOOL.DRV
[0124/230043.422:ERROR:process_memory_win.cc(73)] ReadMemory at 0x7fef9070000 of 64 bytes failed: Запрос ReadProcessMemory или WriteProcessMemory был выполнен только частично. (0x12B)
[0124/230043.422:WARNING:pe_image_reader.cc(340)] could not read dos header from C:\Windows\system32\WINHTTP.dll
[0124/230043.422:ERROR:process_memory_win.cc(73)] ReadMemory at 0x7fef9000000 of 64 bytes failed: Запрос ReadProcessMemory или WriteProcessMemory был выполнен только частично. (0x12B)
[0124/230043.422:WARNING:pe_image_reader.cc(340)] could not read dos header from C:\Windows\system32\webio.dll
[0124/230043.422:ERROR:process_memory_win.cc(73)] ReadMemory at 0x7fef9ea0000 of 64 bytes failed: Запрос ReadProcessMemory или WriteProcessMemory был выполнен только частично. (0x12B)
[0124/230043.422:WARNING:pe_image_reader.cc(340)] could not read dos header from C:\Windows\system32\dhcpcsvc.DLL
[0124/230043.422:ERROR:process_memory_win.cc(73)] ReadMemory at 0x7fefca80000 of 64 bytes failed: Запрос ReadProcessMemory или WriteProcessMemory был выполнен только частично. (0x12B)
[0124/230043.422:WARNING:pe_image_reader.cc(340)] could not read dos header from C:\Windows\system32\cryptbase.dll
[0124/230043.422:ERROR:process_memory_win.cc(73)] ReadMemory at 0x7fefb630000 of 64 bytes failed: Запрос ReadProcessMemory или WriteProcessMemory был выполнен только частично. (0x12B)
[0124/230043.422:WARNING:pe_image_reader.cc(340)] could not read dos header from C:\Windows\system32\uxtheme.dll
[0124/230043.641:ERROR:process_memory_win.cc(73)] ReadMemory at 0x13f4d0000 of 64 bytes failed: Запрос ReadProcessMemory или WriteProcessMemory был выполнен только частично. (0x12B)
[0124/230043.641:WARNING:pe_image_reader.cc(340)] could not read dos header from C:\Program Files (x86)\Google\Chrome\Application\chrome.exe
[0124/230043.642:ERROR:process_memory_win.cc(73)] ReadMemory at 0x770d0000 of 64 bytes failed: Запрос ReadProcessMemory или WriteProcessMemory был выполнен только частично. (0x12B)
[0124/230043.642:WARNING:pe_image_reader.cc(340)] could not read dos header from C:\Windows\SYSTEM32\ntdll.dll
[0124/230043.642:ERROR:process_memory_win.cc(73)] ReadMemory at 0x76fb0000 of 64 bytes failed: Запрос ReadProcessMemory или WriteProcessMemory был выполнен только частично. (0x12B)
[0124/230043.643:WARNING:pe_image_reader.cc(340)] could not read dos header from C:\Windows\system32\KERNEL32.dll
[0124/230043.643:ERROR:process_memory_win.cc(73)] ReadMemory at 0x7fefce40000 of 64 bytes failed: Запрос ReadProcessMemory или WriteProcessMemory был выполнен только частично. (0x12B)
[0124/230043.643:WARNING:pe_image_reader.cc(340)] could not read dos header from C:\Windows\system32\KERNELBASE.dll
[0124/230043.643:ERROR:process_memory_win.cc(73)] ReadMemory at 0x7fed5380000 of 64 bytes failed: Запрос ReadProcessMemory или WriteProcessMemory был выполнен только частично. (0x12B)
[0124/230043.643:WARNING:pe_image_reader.cc(340)] could not read dos header from C:\Program Files (x86)\Google\Chrome\Application\87.0.4280.141\chrome_elf.dll
[0124/230043.643:ERROR:process_memory_win.cc(73)] ReadMemory at 0x7fefbd00000 of 64 bytes failed: Запрос ReadProcessMemory или WriteProcessMemory был выполнен только частично. (0x12B)
[0124/230043.643:WARNING:pe_image_reader.cc(340)] could not read dos header from C:\Windows\system32\VERSION.dll
[0124/230043.643:ERROR:process_memory_win.cc(73)] ReadMemory at 0x7fefd2f0000 of 64 bytes failed: Запрос ReadProcessMemory или WriteProcessMemory был выполнен только частично. (0x12B)
[0124/230043.643:WARNING:pe_image_reader.cc(340)] could not read dos header from C:\Windows\system32\msvcrt.dll
[0124/230043.643:ERROR:process_memory_win.cc(73)] ReadMemory at 0x7feeb250000 of 64 bytes failed: Запрос ReadProcessMemory или WriteProcessMemory был выполнен только частично. (0x12B)
[0124/230043.643:WARNING:pe_image_reader.cc(340)] could not read dos header from C:\Windows\system32\api-ms-win-core-synch-l1-2-0.DLL
[0124/230043.644:ERROR:process_memory_win.cc(73)] ReadMemory at 0x7fefe820000 of 64 bytes failed: Запрос ReadProcessMemory или WriteProcessMemory был выполнен только частично. (0x12B)
[0124/230043.644:WARNING:pe_image_reader.cc(340)] could not read dos header from C:\Windows\system32\GDI32.dll
[0124/230043.644:ERROR:process_memory_win.cc(73)] ReadMemory at 0x76eb0000 of 64 bytes failed: Запрос ReadProcessMemory или WriteProcessMemory был выполнен только частично. (0x12B)
[0124/230043.644:WARNING:pe_image_reader.cc(340)] could not read dos header from C:\Windows\system32\USER32.dll
[0124/230043.644:ERROR:process_memory_win.cc(73)] ReadMemory at 0x7fefecf0000 of 64 bytes failed: Запрос ReadProcessMemory или WriteProcessMemory был выполнен только частично. (0x12B)
[0124/230043.644:WARNING:pe_image_reader.cc(340)] could not read dos header from C:\Windows\system32\LPK.dll
[0124/230043.644:ERROR:process_memory_win.cc(73)] ReadMemory at 0x7fefeec0000 of 64 bytes failed: Запрос ReadProcessMemory или WriteProcessMemory был выполнен только частично. (0x12B)
[0124/230043.644:WARNING:pe_image_reader.cc(340)] could not read dos header from C:\Windows\system32\USP10.dll
[0124/230043.644:ERROR:process_memory_win.cc(73)] ReadMemory at 0x7fefd390000 of 64 bytes failed: Запрос ReadProcessMemory или WriteProcessMemory был выполнен только частично. (0x12B)
[0124/230043.644:WARNING:pe_image_reader.cc(340)] could not read dos header from C:\Windows\system32\IMM32.DLL
[0124/230043.644:ERROR:process_memory_win.cc(73)] ReadMemory at 0x7fefd060000 of 64 bytes failed: Запрос ReadProcessMemory или WriteProcessMemory был выполнен только частично. (0x12B)
[0124/230043.644:WARNING:pe_image_reader.cc(340)] could not read dos header from C:\Windows\system32\MSCTF.dll
[0124/230043.644:ERROR:process_memory_win.cc(73)] ReadMemory at 0x7fefeff0000 of 64 bytes failed: Запрос ReadProcessMemory или WriteProcessMemory был выполнен только частично. (0x12B)
[0124/230043.722:WARNING:pe_image_reader.cc(340)] could not read dos header from C:\Windows\system32\ADVAPI32.dll
[0124/230043.722:ERROR:process_memory_win.cc(73)] ReadMemory at 0x7feff0d0000 of 64 bytes failed: Запрос ReadProcessMemory или WriteProcessMemory был выполнен только частично. (0x12B)
[0124/230043.722:WARNING:pe_image_reader.cc(340)] could not read dos header from C:\Windows\SYSTEM32\sechost.dll
[0124/230043.722:ERROR:process_memory_win.cc(73)] ReadMemory at 0x7fefd170000 of 64 bytes failed: Запрос ReadProcessMemory или WriteProcessMemory был выполнен только частично. (0x12B)
[0124/230043.722:WARNING:pe_image_reader.cc(340)] could not read dos header from C:\Windows\system32\RPCRT4.dll
[0124/230043.722:ERROR:process_memory_win.cc(73)] ReadMemory at 0x7fec3a50000 of 64 bytes failed: Запрос ReadProcessMemory или WriteProcessMemory был выполнен только частично. (0x12B)
[0124/230043.722:WARNING:pe_image_reader.cc(340)] could not read dos header from C:\Program Files (x86)\Google\Chrome\Application\87.0.4280.141\chrome.dll
[0124/230043.723:ERROR:process_memory_win.cc(73)] ReadMemory at 0x7fef8b70000 of 64 bytes failed: Запрос ReadProcessMemory или WriteProcessMemory был выполнен только частично. (0x12B)
[0124/230043.723:WARNING:pe_image_reader.cc(340)] could not read dos header from C:\Windows\system32\dbghelp.dll
[0124/230043.723:ERROR:process_memory_win.cc(73)] ReadMemory at 0x7fefd2a0000 of 64 bytes failed: Запрос ReadProcessMemory или WriteProcessMemory был выполнен только частично. (0x12B)
[0124/230043.723:WARNING:pe_image_reader.cc(340)] could not read dos header from C:\Windows\system32\WS2_32.dll
[0124/230043.723:ERROR:process_memory_win.cc(73)] ReadMemory at 0x7fefee90000 of 64 bytes failed: Запрос ReadProcessMemory или WriteProcessMemory был выполнен только частично. (0x12B)
[0124/230043.723:WARNING:pe_image_reader.cc(340)] could not read dos header from C:\Windows\system32\NSI.dll
[0124/230043.723:ERROR:process_memory_win.cc(73)] ReadMemory at 0x7fefa470000 of 64 bytes failed: Запрос ReadProcessMemory или WriteProcessMemory был выполнен только частично. (0x12B)
[0124/230043.723:WARNING:pe_image_reader.cc(340)] could not read dos header from C:\Windows\system32\IPHLPAPI.DLL
[0124/230043.723:ERROR:process_memory_win.cc(73)] ReadMemory at 0x7fefa460000 of 64 bytes failed: Запрос ReadProcessMemory или WriteProcessMemory был выполнен только частично. (0x12B)
[0124/230043.723:WARNING:pe_image_reader.cc(340)] could not read dos header from C:\Windows\system32\WINNSI.DLL
[0124/230043.723:ERROR:process_memory_win.cc(73)] ReadMemory at 0x7fefd460000 of 64 bytes failed: Запрос ReadProcessMemory или WriteProcessMemory был выполнен только частично. (0x12B)
[0124/230043.723:WARNING:pe_image_reader.cc(340)] could not read dos header from C:\Windows\system32\OLEAUT32.dll
[0124/230043.724:ERROR:process_memory_win.cc(73)] ReadMemory at 0x7fefe890000 of 64 bytes failed: Запрос ReadProcessMemory или WriteProcessMemory был выполнен только частично. (0x12B)
[0124/230043.724:WARNING:pe_image_reader.cc(340)] could not read dos header from C:\Windows\system32\ole32.dll
[0124/230043.724:ERROR:process_memory_win.cc(73)] ReadMemory at 0x7fefa770000 of 64 bytes failed: Запрос ReadProcessMemory или WriteProcessMemory был выполнен только частично. (0x12B)
[0124/230043.724:WARNING:pe_image_reader.cc(340)] could not read dos header from C:\Windows\system32\WINMM.dll
[0124/230043.724:ERROR:process_memory_win.cc(73)] ReadMemory at 0x7fee39f0000 of 64 bytes failed: Запрос ReadProcessMemory или WriteProcessMemory был выполнен только частично. (0x12B)
[0124/230043.724:WARNING:pe_image_reader.cc(340)] could not read dos header from C:\Windows\system32\UIAutomationCore.DLL
[0124/230043.724:ERROR:process_memory_win.cc(73)] ReadMemory at 0x970000 of 64 bytes failed: Запрос ReadProcessMemory или WriteProcessMemory был выполнен только частично. (0x12B)
[0124/230043.724:WARNING:pe_image_reader.cc(340)] could not read dos header from C:\Windows\system32\PSAPI.DLL
[0124/230043.724:ERROR:process_memory_win.cc(73)] ReadMemory at 0x7fefa400000 of 64 bytes failed: Запрос ReadProcessMemory или WriteProcessMemory был выполнен только частично. (0x12B)
[0124/230043.724:WARNING:pe_image_reader.cc(340)] could not read dos header from C:\Windows\system32\OLEACC.dll
[0124/230043.725:ERROR:process_memory_win.cc(73)] ReadMemory at 0x7fefc9c0000 of 64 bytes failed: Запрос ReadProcessMemory или WriteProcessMemory был выполнен только частично. (0x12B)
[0124/230043.725:WARNING:pe_image_reader.cc(340)] could not read dos header from C:\Windows\system32\Secur32.dll
[0124/230043.725:ERROR:process_memory_win.cc(73)] ReadMemory at 0x7fefc9f0000 of 64 bytes failed: Запрос ReadProcessMemory или WriteProcessMemory был выполнен только частично. (0x12B)
[0124/230043.725:WARNING:pe_image_reader.cc(340)] could not read dos header from C:\Windows\system32\SSPICLI.DLL
[0124/230043.725:ERROR:process_memory_win.cc(73)] ReadMemory at 0x7fefcfb0000 of 64 bytes failed: Запрос ReadProcessMemory или WriteProcessMemory был выполнен только частично. (0x12B)
[0124/230043.725:WARNING:pe_image_reader.cc(340)] could not read dos header from C:\Windows\system32\USERENV.dll
[0124/230043.725:ERROR:process_memory_win.cc(73)] ReadMemory at 0x7fefcc20000 of 64 bytes failed: Запрос ReadProcessMemory или WriteProcessMemory был выполнен только частично. (0x12B)
[0124/230043.725:WARNING:pe_image_reader.cc(340)] could not read dos header from C:\Windows\system32\profapi.dll
[0124/230043.725:ERROR:process_memory_win.cc(73)] ReadMemory at 0x7fefcf60000 of 64 bytes failed: Запрос ReadProcessMemory или WriteProcessMemory был выполнен только частично. (0x12B)
[0124/230043.725:WARNING:pe_image_reader.cc(340)] could not read dos header from C:\Windows\system32\WINTRUST.dll
[0124/230043.725:ERROR:process_memory_win.cc(73)] ReadMemory at 0x7fefcc40000 of 64 bytes failed: Запрос ReadProcessMemory или WriteProcessMemory был выполнен только частично. (0x12B)
[0124/230043.725:WARNING:pe_image_reader.cc(340)] could not read dos header from C:\Windows\system32\CRYPT32.dll
[0124/230043.725:ERROR:process_memory_win.cc(73)] ReadMemory at 0x7fefcc30000 of 64 bytes failed: Запрос ReadProcessMemory или WriteProcessMemory был выполнен только частично. (0x12B)
[0124/230043.726:WARNING:pe_image_reader.cc(340)] could not read dos header from C:\Windows\system32\MSASN1.dll
[0124/230043.726:ERROR:process_memory_win.cc(73)] ReadMemory at 0x7fee3740000 of 64 bytes failed: Запрос ReadProcessMemory или WriteProcessMemory был выполнен только частично. (0x12B)
[0124/230043.726:WARNING:pe_image_reader.cc(340)] could not read dos header from C:\Windows\system32\DWrite.dll
[0124/230043.726:ERROR:process_memory_win.cc(73)] ReadMemory at 0x7feeb260000 of 64 bytes failed: Запрос ReadProcessMemory или WriteProcessMemory был выполнен только частично. (0x12B)
[0124/230043.726:WARNING:pe_image_reader.cc(340)] could not read dos header from C:\Windows\system32\WINSPOOL.DRV
[0124/230043.726:ERROR:process_memory_win.cc(73)] ReadMemory at 0x7fef9070000 of 64 bytes failed: Запрос ReadProcessMemory или WriteProcessMemory был выполнен только частично. (0x12B)
[0124/230043.726:WARNING:pe_image_reader.cc(340)] could not read dos header from C:\Windows\system32\WINHTTP.dll
[0124/230043.726:ERROR:process_memory_win.cc(73)] ReadMemory at 0x7fef9000000 of 64 bytes failed: Запрос ReadProcessMemory или WriteProcessMemory был выполнен только частично. (0x12B)
[0124/230043.726:WARNING:pe_image_reader.cc(340)] could not read dos header from C:\Windows\system32\webio.dll
[0124/230043.726:ERROR:process_memory_win.cc(73)] ReadMemory at 0x7fef9ea0000 of 64 bytes failed: Запрос ReadProcessMemory или WriteProcessMemory был выполнен только частично. (0x12B)
[0124/230043.726:WARNING:pe_image_reader.cc(340)] could not read dos header from C:\Windows\system32\dhcpcsvc.DLL
[0124/230043.726:ERROR:process_memory_win.cc(73)] ReadMemory at 0x7fefca80000 of 64 bytes failed: Запрос ReadProcessMemory или WriteProcessMemory был выполнен только частично. (0x12B)
[0124/230043.726:WARNING:pe_image_reader.cc(340)] could not read dos header from C:\Windows\system32\cryptbase.dll
[0124/230043.727:ERROR:process_memory_win.cc(73)] ReadMemory at 0x7fefb630000 of 64 bytes failed: Запрос ReadProcessMemory или WriteProcessMemory был выполнен только частично. (0x12B)
[0124/230043.727:WARNING:pe_image_reader.cc(340)] could not read dos header from C:\Windows\system32\uxtheme.dll
[0124/230043.727:ERROR:process_memory_win.cc(73)] ReadMemory at 0x13f4d0000 of 64 bytes failed: Запрос ReadProcessMemory или WriteProcessMemory был выполнен только частично. (0x12B)
[0124/230043.727:WARNING:pe_image_reader.cc(340)] could not read dos header from C:\Program Files (x86)\Google\Chrome\Application\chrome.exe
[0124/230043.727:ERROR:process_memory_win.cc(73)] ReadMemory at 0x770d0000 of 64 bytes failed: Запрос ReadProcessMemory или WriteProcessMemory был выполнен только частично. (0x12B)
[0124/230043.727:WARNING:pe_image_reader.cc(340)] could not read dos header from C:\Windows\SYSTEM32\ntdll.dll
[0124/230043.727:ERROR:process_memory_win.cc(73)] ReadMemory at 0x76fb0000 of 64 bytes failed: Запрос ReadProcessMemory или WriteProcessMemory был выполнен только частично. (0x12B)
[0124/230043.727:WARNING:pe_image_reader.cc(340)] could not read dos header from C:\Windows\system32\KERNEL32.dll
[0124/230043.727:ERROR:process_memory_win.cc(73)] ReadMemory at 0x7fefce40000 of 64 bytes failed: Запрос ReadProcessMemory или WriteProcessMemory был выполнен только частично. (0x12B)
[0124/230043.727:WARNING:pe_image_reader.cc(340)] could not read dos header from C:\Windows\system32\KERNELBASE.dll
[0124/230043.727:ERROR:process_memory_win.cc(73)] ReadMemory at 0x7fed5380000 of 64 bytes failed: Запрос ReadProcessMemory или WriteProcessMemory был выполнен только частично. (0x12B)
[0124/230043.727:WARNING:pe_image_reader.cc(340)] could not read dos header from C:\Program Files (x86)\Google\Chrome\Application\87.0.4280.141\chrome_elf.dll
[0124/230043.728:ERROR:process_memory_win.cc(73)] ReadMemory at 0x7fefbd00000 of 64 bytes failed: Запрос ReadProcessMemory или WriteProcessMemory был выполнен только частично. (0x12B)
[0124/230043.728:WARNING:pe_image_reader.cc(340)] could not read dos header from C:\Windows\system32\VERSION.dll
[0124/230043.728:ERROR:process_memory_win.cc(73)] ReadMemory at 0x7fefd2f0000 of 64 bytes failed: Запрос ReadProcessMemory или WriteProcessMemory был выполнен только частично. (0x12B)
[0124/230043.728:WARNING:pe_image_reader.cc(340)] could not read dos header from C:\Windows\system32\msvcrt.dll
[0124/230043.728:ERROR:process_memory_win.cc(73)] ReadMemory at 0x7feeb250000 of 64 bytes failed: Запрос ReadProcessMemory или WriteProcessMemory был выполнен только частично. (0x12B)
[0124/230043.728:WARNING:pe_image_reader.cc(340)] could not read dos header from C:\Windows\system32\api-ms-win-core-synch-l1-2-0.DLL
[0124/230043.728:ERROR:process_memory_win.cc(73)] ReadMemory at 0x7fefe820000 of 64 bytes failed: Запрос ReadProcessMemory или WriteProcessMemory был выполнен только частично. (0x12B)
[0124/230043.728:WARNING:pe_image_reader.cc(340)] could not read dos header from C:\Windows\system32\GDI32.dll
[0124/230043.728:ERROR:process_memory_win.cc(73)] ReadMemory at 0x76eb0000 of 64 bytes failed: Запрос ReadProcessMemory или WriteProcessMemory был выполнен только частично. (0x12B)
[0124/230043.728:WARNING:pe_image_reader.cc(340)] could not read dos header from C:\Windows\system32\USER32.dll
[0124/230043.728:ERROR:process_memory_win.cc(73)] ReadMemory at 0x7fefecf0000 of 64 bytes failed: Запрос ReadProcessMemory или WriteProcessMemory был выполнен только частично. (0x12B)
[0124/230043.728:WARNING:pe_image_reader.cc(340)] could not read dos header from C:\Windows\system32\LPK.dll
[0124/230043.728:ERROR:process_memory_win.cc(73)] ReadMemory at 0x7fefeec0000 of 64 bytes failed: Запрос ReadProcessMemory или WriteProcessMemory был выполнен только частично. (0x12B)
[0124/230043.729:WARNING:pe_image_reader.cc(340)] could not read dos header from C:\Windows\system32\USP10.dll
[0124/230043.729:ERROR:process_memory_win.cc(73)] ReadMemory at 0x7fefd390000 of 64 bytes failed: Запрос ReadProcessMemory или WriteProcessMemory был выполнен только частично. (0x12B)
[0124/230043.729:WARNING:pe_image_reader.cc(340)] could not read dos header from C:\Windows\system32\IMM32.DLL
[0124/230043.729:ERROR:process_memory_win.cc(73)] ReadMemory at 0x7fefd060000 of 64 bytes failed: Запрос ReadProcessMemory или WriteProcessMemory был выполнен только частично. (0x12B)
[0124/230043.729:WARNING:pe_image_reader.cc(340)] could not read dos header from C:\Windows\system32\MSCTF.dll
[0124/230043.729:ERROR:process_memory_win.cc(73)] ReadMemory at 0x7fefeff0000 of 64 bytes failed: Запрос ReadProcessMemory или WriteProcessMemory был выполнен только частично. (0x12B)
[0124/230043.729:WARNING:pe_image_reader.cc(340)] could not read dos header from C:\Windows\system32\ADVAPI32.dll
[0124/230043.729:ERROR:process_memory_win.cc(73)] ReadMemory at 0x7feff0d0000 of 64 bytes failed: Запрос ReadProcessMemory или WriteProcessMemory был выполнен только частично. (0x12B)
[0124/230043.729:WARNING:pe_image_reader.cc(340)] could not read dos header from C:\Windows\SYSTEM32\sechost.dll
[0124/230043.729:ERROR:process_memory_win.cc(73)] ReadMemory at 0x7fefd170000 of 64 bytes failed: Запрос ReadProcessMemory или WriteProcessMemory был выполнен только частично. (0x12B)
[0124/230043.729:WARNING:pe_image_reader.cc(340)] could not read dos header from C:\Windows\system32\RPCRT4.dll
[0124/230043.729:ERROR:process_memory_win.cc(73)] ReadMemory at 0x7fec3a50000 of 64 bytes failed: Запрос ReadProcessMemory или WriteProcessMemory был выполнен только частично. (0x12B)
[0124/230043.729:WARNING:pe_image_reader.cc(340)] could not read dos header from C:\Program Files (x86)\Google\Chrome\Application\87.0.4280.141\chrome.dll
[0124/230043.730:ERROR:process_memory_win.cc(73)] ReadMemory at 0x7fef8b70000 of 64 bytes failed: Запрос ReadProcessMemory или WriteProcessMemory был выполнен только частично. (0x12B)
[0124/230043.730:WARNING:pe_image_reader.cc(340)] could not read dos header from C:\Windows\system32\dbghelp.dll
[0124/230043.730:ERROR:process_memory_win.cc(73)] ReadMemory at 0x7fefd2a0000 of 64 bytes failed: Запрос ReadProcessMemory или WriteProcessMemory был выполнен только частично. (0x12B)
[0124/230043.730:WARNING:pe_image_reader.cc(340)] could not read dos header from C:\Windows\system32\WS2_32.dll
[0124/230043.730:ERROR:process_memory_win.cc(73)] ReadMemory at 0x7fefee90000 of 64 bytes failed: Запрос ReadProcessMemory или WriteProcessMemory был выполнен только частично. (0x12B)
[0124/230043.730:WARNING:pe_image_reader.cc(340)] could not read dos header from C:\Windows\system32\NSI.dll
[0124/230043.730:ERROR:process_memory_win.cc(73)] ReadMemory at 0x7fefa470000 of 64 bytes failed: Запрос ReadProcessMemory или WriteProcessMemory был выполнен только частично. (0x12B)
[0124/230043.730:WARNING:pe_image_reader.cc(340)] could not read dos header from C:\Windows\system32\IPHLPAPI.DLL
[0124/230043.730:ERROR:process_memory_win.cc(73)] ReadMemory at 0x7fefa460000 of 64 bytes failed: Запрос ReadProcessMemory или WriteProcessMemory был выполнен только частично. (0x12B)
[0124/230043.730:WARNING:pe_image_reader.cc(340)] could not read dos header from C:\Windows\system32\WINNSI.DLL
[0124/230043.730:ERROR:process_memory_win.cc(73)] ReadMemory at 0x7fefd460000 of 64 bytes failed: Запрос ReadProcessMemory или WriteProcessMemory был выполнен только частично. (0x12B)
[0124/230043.730:WARNING:pe_image_reader.cc(340)] could not read dos header from C:\Windows\system32\OLEAUT32.dll
[0124/230043.730:ERROR:process_memory_win.cc(73)] ReadMemory at 0x7fefe890000 of 64 bytes failed: Запрос ReadProcessMemory или WriteProcessMemory был выполнен только частично. (0x12B)
[0124/230043.730:WARNING:pe_image_reader.cc(340)] could not read dos header from C:\Windows\system32\ole32.dll
[0124/230043.731:ERROR:process_memory_win.cc(73)] ReadMemory at 0x7fefa770000 of 64 bytes failed: Запрос ReadProcessMemory или WriteProcessMemory был выполнен только частично. (0x12B)
[0124/230043.731:WARNING:pe_image_reader.cc(340)] could not read dos header from C:\Windows\system32\WINMM.dll
[0124/230043.805:ERROR:process_memory_win.cc(73)] ReadMemory at 0x7fee39f0000 of 64 bytes failed: Запрос ReadProcessMemory или WriteProcessMemory был выполнен только частично. (0x12B)
[0124/230043.805:WARNING:pe_image_reader.cc(340)] could not read dos header from C:\Windows\system32\UIAutomationCore.DLL
[0124/230043.805:ERROR:process_memory_win.cc(73)] ReadMemory at 0x970000 of 64 bytes failed: Запрос ReadProcessMemory или WriteProcessMemory был выполнен только частично. (0x12B)
[0124/230043.805:WARNING:pe_image_reader.cc(340)] could not read dos header from C:\Windows\system32\PSAPI.DLL
[0124/230043.806:ERROR:process_memory_win.cc(73)] ReadMemory at 0x7fefa400000 of 64 bytes failed: Запрос ReadProcessMemory или WriteProcessMemory был выполнен только частично. (0x12B)
[0124/230043.806:WARNING:pe_image_reader.cc(340)] could not read dos header from C:\Windows\system32\OLEACC.dll
[0124/230043.806:ERROR:process_memory_win.cc(73)] ReadMemory at 0x7fefc9c0000 of 64 bytes failed: Запрос ReadProcessMemory или WriteProcessMemory был выполнен только частично. (0x12B)
[0124/230043.806:WARNING:pe_image_reader.cc(340)] could not read dos header from C:\Windows\system32\Secur32.dll
[0124/230043.806:ERROR:process_memory_win.cc(73)] ReadMemory at 0x7fefc9f0000 of 64 bytes failed: Запрос ReadProcessMemory или WriteProcessMemory был выполнен только частично. (0x12B)
[0124/230043.806:WARNING:pe_image_reader.cc(340)] could not read dos header from C:\Windows\system32\SSPICLI.DLL
[0124/230043.806:ERROR:process_memory_win.cc(73)] ReadMemory at 0x7fefcfb0000 of 64 bytes failed: Запрос ReadProcessMemory или WriteProcessMemory был выполнен только частично. (0x12B)
[0124/230043.806:WARNING:pe_image_reader.cc(340)] could not read dos header from C:\Windows\system32\USERENV.dll
[0124/230043.806:ERROR:process_memory_win.cc(73)] ReadMemory at 0x7fefcc20000 of 64 bytes failed: Запрос ReadProcessMemory или WriteProcessMemory был выполнен только частично. (0x12B)
[0124/230043.806:WARNING:pe_image_reader.cc(340)] could not read dos header from C:\Windows\system32\profapi.dll
[0124/230043.806:ERROR:process_memory_win.cc(73)] ReadMemory at 0x7fefcf60000 of 64 bytes failed: Запрос ReadProcessMemory или WriteProcessMemory был выполнен только частично. (0x12B)
[0124/230043.806:WARNING:pe_image_reader.cc(340)] could not read dos header from C:\Windows\system32\WINTRUST.dll
[0124/230043.807:ERROR:process_memory_win.cc(73)] ReadMemory at 0x7fefcc40000 of 64 bytes failed: Запрос ReadProcessMemory или WriteProcessMemory был выполнен только частично. (0x12B)
[0124/230043.807:WARNING:pe_image_reader.cc(340)] could not read dos header from C:\Windows\system32\CRYPT32.dll
[0124/230043.807:ERROR:process_memory_win.cc(73)] ReadMemory at 0x7fefcc30000 of 64 bytes failed: Запрос ReadProcessMemory или WriteProcessMemory был выполнен только частично. (0x12B)
[0124/230043.807:WARNING:pe_image_reader.cc(340)] could not read dos header from C:\Windows\system32\MSASN1.dll
[0124/230043.807:ERROR:process_memory_win.cc(73)] ReadMemory at 0x7fee3740000 of 64 bytes failed: Запрос ReadProcessMemory или WriteProcessMemory был выполнен только частично. (0x12B)
[0124/230043.807:WARNING:pe_image_reader.cc(340)] could not read dos header from C:\Windows\system32\DWrite.dll
[0124/230043.807:ERROR:process_memory_win.cc(73)] ReadMemory at 0x7feeb260000 of 64 bytes failed: Запрос ReadProcessMemory или WriteProcessMemory был выполнен только частично. (0x12B)
[0124/230043.807:WARNING:pe_image_reader.cc(340)] could not read dos header from C:\Windows\system32\WINSPOOL.DRV
[0124/230043.807:ERROR:process_memory_win.cc(73)] ReadMemory at 0x7fef9070000 of 64 bytes failed: Запрос ReadProcessMemory или WriteProcessMemory был выполнен только частично. (0x12B)
[0124/230043.807:WARNING:pe_image_reader.cc(340)] could not read dos header from C:\Windows\system32\WINHTTP.dll
[0124/230043.807:ERROR:process_memory_win.cc(73)] ReadMemory at 0x7fef9000000 of 64 bytes failed: Запрос ReadProcessMemory или WriteProcessMemory был выполнен только частично. (0x12B)
[0124/230043.807:WARNING:pe_image_reader.cc(340)] could not read dos header from C:\Windows\system32\webio.dll
[0124/230043.807:ERROR:process_memory_win.cc(73)] ReadMemory at 0x7fef9ea0000 of 64 bytes failed: Запрос ReadProcessMemory или WriteProcessMemory был выполнен только частично. (0x12B)
[0124/230043.808:WARNING:pe_image_reader.cc(340)] could not read dos header from C:\Windows\system32\dhcpcsvc.DLL
[0124/230043.808:ERROR:process_memory_win.cc(73)] ReadMemory at 0x7fefca80000 of 64 bytes failed: Запрос ReadProcessMemory или WriteProcessMemory был выполнен только частично. (0x12B)
[0124/230043.808:WARNING:pe_image_reader.cc(340)] could not read dos header from C:\Windows\system32\cryptbase.dll
[0124/230043.808:ERROR:process_memory_win.cc(73)] ReadMemory at 0x7fefb630000 of 64 bytes failed: Запрос ReadProcessMemory или WriteProcessMemory был выполнен только частично. (0x12B)
[0124/230043.808:WARNING:pe_image_reader.cc(340)] could not read dos header from C:\Windows\system32\uxtheme.dll
[0124/230043.882:ERROR:process_memory_win.cc(73)] ReadMemory at 0x836000 of 40960 bytes failed: Запрос ReadProcessMemory или WriteProcessMemory был выполнен только частично. (0x12B)
[0124/230043.919:ERROR:process_memory_win.cc(73)] ReadMemory at 0x38ee000 of 8192 bytes failed: Запрос ReadProcessMemory или WriteProcessMemory был выполнен только частично. (0x12B)
[0124/230043.919:ERROR:process_memory_win.cc(73)] ReadMemory at 0x4c8d000 of 12288 bytes failed: Запрос ReadProcessMemory или WriteProcessMemory был выполнен только частично. (0x12B)
[0124/230043.919:ERROR:process_memory_win.cc(73)] ReadMemory at 0x55dc000 of 16384 bytes failed: Запрос ReadProcessMemory или WriteProcessMemory был выполнен только частично. (0x12B)
[0124/230043.919:ERROR:process_memory_win.cc(73)] ReadMemory at 0x5f3f000 of 4096 bytes failed: Запрос ReadProcessMemory или WriteProcessMemory был выполнен только частично. (0x12B)
[0124/230043.919:ERROR:process_memory_win.cc(73)] ReadMemory at 0x681e000 of 8192 bytes failed: Запрос ReadProcessMemory или WriteProcessMemory был выполнен только частично. (0x12B)
[0124/230043.920:ERROR:process_memory_win.cc(73)] ReadMemory at 0x79fe000 of 8192 bytes failed: Запрос ReadProcessMemory или WriteProcessMemory был выполнен только частично. (0x12B)
[0124/230043.920:ERROR:process_memory_win.cc(73)] ReadMemory at 0x850d000 of 12288 bytes failed: Запрос ReadProcessMemory или WriteProcessMemory был выполнен только частично. (0x12B)
[0124/230043.920:ERROR:process_memory_win.cc(73)] ReadMemory at 0x964e000 of 8192 bytes failed: Запрос ReadProcessMemory или WriteProcessMemory был выполнен только частично. (0x12B)
[0124/230043.920:ERROR:process_memory_win.cc(73)] ReadMemory at 0xa13e000 of 8192 bytes failed: Запрос ReadProcessMemory или WriteProcessMemory был выполнен только частично. (0x12B)
[0124/230043.920:ERROR:process_memory_win.cc(73)] ReadMemory at 0xab2e000 of 8192 bytes failed: Запрос ReadProcessMemory или WriteProcessMemory был выполнен только частично. (0x12B)
[0124/230043.921:ERROR:process_memory_win.cc(73)] ReadMemory at 0x703e000 of 8192 bytes failed: Запрос ReadProcessMemory или WriteProcessMemory был выполнен только частично. (0x12B)
[0124/230043.921:ERROR:process_memory_win.cc(73)] ReadMemory at 0xb80d000 of 12288 bytes failed: Запрос ReadProcessMemory или WriteProcessMemory был выполнен только частично. (0x12B)
[0124/230043.921:ERROR:process_memory_win.cc(73)] ReadMemory at 0x768be000 of 8192 bytes failed: Запрос ReadProcessMemory или WriteProcessMemory был выполнен только частично. (0x12B)
[0124/230043.921:ERROR:process_memory_win.cc(73)] ReadMemory at 0x42be000 of 8192 bytes failed: Запрос ReadProcessMemory или WriteProcessMemory был выполнен только частично. (0x12B)
[0124/230043.921:ERROR:process_memory_win.cc(73)] ReadMemory at 0x9c1320 of 3452 bytes failed: Запрос ReadProcessMemory или WriteProcessMemory был выполнен только частично. (0x12B)
[0124/230044.050:ERROR:process_memory_win.cc(73)] ReadMemory at 0x9c20b0 of 1012 bytes failed: Запрос ReadProcessMemory или WriteProcessMemory был выполнен только частично. (0x12B)
[0124/230044.050:ERROR:process_memory_win.cc(73)] ReadMemory at 0x9c26b8 of 626 bytes failed: Запрос ReadProcessMemory или WriteProcessMemory был выполнен только частично. (0x12B)
[0124/230044.050:ERROR:process_memory_win.cc(73)] ReadMemory at 0x9c292c of 118 bytes failed: Запрос ReadProcessMemory или WriteProcessMemory был выполнен только частично. (0x12B)
[0124/230044.051:ERROR:process_memory_win.cc(73)] ReadMemory at 0x9c29a4 of 712 bytes failed: Запрос ReadProcessMemory или WriteProcessMemory был выполнен только частично. (0x12B)
[0124/230044.051:ERROR:process_memory_win.cc(73)] ReadMemory at 0x9c2c6e of 118 bytes failed: Запрос ReadProcessMemory или WriteProcessMemory был выполнен только частично. (0x12B)
[0124/230044.051:ERROR:process_memory_win.cc(73)] ReadMemory at 0x9c2ce6 of 96 bytes failed: Запрос ReadProcessMemory или WriteProcessMemory был выполнен только частично. (0x12B)
[0124/230044.051:ERROR:process_memory_win.cc(73)] ReadMemory at 0x9c2d60 of 58 bytes failed: Запрос ReadProcessMemory или WriteProcessMemory был выполнен только частично. (0x12B)
[0124/230044.051:ERROR:process_memory_win.cc(73)] ReadMemory at 0x9c2df0 of 132 bytes failed: Запрос ReadProcessMemory или WriteProcessMemory был выполнен только частично. (0x12B)
[0124/230044.051:ERROR:process_memory_win.cc(73)] ReadMemory at 0x9c2ee0 of 132 bytes failed: Запрос ReadProcessMemory или WriteProcessMemory был выполнен только частично. (0x12B)
[0124/230044.051:ERROR:process_memory_win.cc(73)] ReadMemory at 0x9c2ff8 of 126 bytes failed: Запрос ReadProcessMemory или WriteProcessMemory был выполнен только частично. (0x12B)
[0124/230044.052:ERROR:process_memory_win.cc(73)] ReadMemory at 0x9c3400 of 132 bytes failed: Запрос ReadProcessMemory или WriteProcessMemory был выполнен только частично. (0x12B)
[0124/230044.052:ERROR:process_memory_win.cc(73)] ReadMemory at 0x9c34f0 of 132 bytes failed: Запрос ReadProcessMemory или WriteProcessMemory был выполнен только частично. (0x12B)
[0124/230044.052:ERROR:process_memory_win.cc(73)] ReadMemory at 0x9c37f0 of 64 bytes failed: Запрос ReadProcessMemory или WriteProcessMemory был выполнен только частично. (0x12B)
[0124/230044.052:ERROR:process_memory_win.cc(73)] ReadMemory at 0x9c3870 of 68 bytes failed: Запрос ReadProcessMemory или WriteProcessMemory был выполнен только частично. (0x12B)
[0124/230044.052:ERROR:process_memory_win.cc(73)] ReadMemory at 0x9eb9a0 of 104 bytes failed: Запрос ReadProcessMemory или WriteProcessMemory был выполнен только частично. (0x12B)
[0124/230044.052:ERROR:process_memory_win.cc(73)] ReadMemory at 0x9ebbd0 of 132 bytes failed: Запрос ReadProcessMemory или WriteProcessMemory был выполнен только частично. (0x12B)
[0124/230044.053:ERROR:process_memory_win.cc(73)] ReadMemory at 0x9ec2a0 of 132 bytes failed: Запрос ReadProcessMemory или WriteProcessMemory был выполнен только частично. (0x12B)
[0124/230044.053:ERROR:process_memory_win.cc(73)] ReadMemory at 0x9ec4d0 of 62 bytes failed: Запрос ReadProcessMemory или WriteProcessMemory был выполнен только частично. (0x12B)
[0124/230044.053:ERROR:process_memory_win.cc(73)] ReadMemory at 0x9ed670 of 512 bytes failed: Запрос ReadProcessMemory или WriteProcessMemory был выполнен только частично. (0x12B)
[0124/230044.053:ERROR:process_memory_win.cc(73)] ReadMemory at 0x9edb60 of 132 bytes failed: Запрос ReadProcessMemory или WriteProcessMemory был выполнен только частично. (0x12B)
[0124/230044.053:ERROR:process_memory_win.cc(73)] ReadMemory at 0x9edc80 of 60 bytes failed: Запрос ReadProcessMemory или WriteProcessMemory был выполнен только частично. (0x12B)
[0124/230044.053:ERROR:process_memory_win.cc(73)] ReadMemory at 0x9ee270 of 60 bytes failed: Запрос ReadProcessMemory или WriteProcessMemory был выполнен только частично. (0x12B)
[0124/230044.054:ERROR:process_memory_win.cc(73)] ReadMemory at 0x9ee2c0 of 62 bytes failed: Запрос ReadProcessMemory или WriteProcessMemory был выполнен только частично. (0x12B)
[0124/230044.054:ERROR:process_memory_win.cc(73)] ReadMemory at 0x9ee310 of 58 bytes failed: Запрос ReadProcessMemory или WriteProcessMemory был выполнен только частично. (0x12B)
[0124/230044.054:ERROR:process_memory_win.cc(73)] ReadMemory at 0x9ee360 of 60 bytes failed: Запрос ReadProcessMemory или WriteProcessMemory был выполнен только частично. (0x12B)
[0124/230044.054:ERROR:process_memory_win.cc(73)] ReadMemory at 0x9ee3b0 of 58 bytes failed: Запрос ReadProcessMemory или WriteProcessMemory был выполнен только частично. (0x12B)
[0124/230044.054:ERROR:process_memory_win.cc(73)] ReadMemory at 0x9ee400 of 64 bytes failed: Запрос ReadProcessMemory или WriteProcessMemory был выполнен только частично. (0x12B)
[0124/230044.054:ERROR:process_memory_win.cc(73)] ReadMemory at 0x9ee450 of 58 bytes failed: Запрос ReadProcessMemory или WriteProcessMemory был выполнен только частично. (0x12B)
[0124/230044.054:ERROR:process_memory_win.cc(73)] ReadMemory at 0x9ee4a0 of 58 bytes failed: Запрос ReadProcessMemory или WriteProcessMemory был выполнен только частично. (0x12B)
[0124/230044.055:ERROR:process_memory_win.cc(73)] ReadMemory at 0x9ee540 of 62 bytes failed: Запрос ReadProcessMemory или WriteProcessMemory был выполнен только частично. (0x12B)
[0124/230044.055:ERROR:process_memory_win.cc(73)] ReadMemory at 0x9ee590 of 60 bytes failed: Запрос ReadProcessMemory или WriteProcessMemory был выполнен только частично. (0x12B)
[0124/230044.055:ERROR:process_memory_win.cc(73)] ReadMemory at 0x9ee5e0 of 64 bytes failed: Запрос ReadProcessMemory или WriteProcessMemory был выполнен только частично. (0x12B)
[0124/230044.055:ERROR:process_memory_win.cc(73)] ReadMemory at 0x9ee630 of 60 bytes failed: Запрос ReadProcessMemory или WriteProcessMemory был выполнен только частично. (0x12B)
[0124/230044.055:ERROR:process_memory_win.cc(73)] ReadMemory at 0x9ee680 of 64 bytes failed: Запрос ReadProcessMemory или WriteProcessMemory был выполнен только частично. (0x12B)
[0124/230044.055:ERROR:process_memory_win.cc(73)] ReadMemory at 0x9ee6d0 of 58 bytes failed: Запрос ReadProcessMemory или WriteProcessMemory был выполнен только частично. (0x12B)
[0124/230044.056:ERROR:process_memory_win.cc(73)] ReadMemory at 0x9ee720 of 58 bytes failed: Запрос ReadProcessMemory или WriteProcessMemory был выполнен только частично. (0x12B)
[0124/230044.056:ERROR:process_memory_win.cc(73)] ReadMemory at 0x9ee770 of 58 bytes failed: Запрос ReadProcessMemory или WriteProcessMemory был выполнен только частично. (0x12B)
[0124/230044.056:ERROR:process_memory_win.cc(73)] ReadMemory at 0x9ee7c0 of 60 bytes failed: Запрос ReadProcessMemory или WriteProcessMemory был выполнен только частично. (0x12B)
[0124/230044.056:ERROR:process_memory_win.cc(73)] ReadMemory at 0x9ee810 of 62 bytes failed: Запрос ReadProcessMemory или WriteProcessMemory был выполнен только частично. (0x12B)
[0124/230044.056:ERROR:process_memory_win.cc(73)] ReadMemory at 0x9ee860 of 62 bytes failed: Запрос ReadProcessMemory или WriteProcessMemory был выполнен только частично. (0x12B)
[0124/230044.056:ERROR:process_memory_win.cc(73)] ReadMemory at 0x9ee8b0 of 62 bytes failed: Запрос ReadProcessMemory или WriteProcessMemory был выполнен только частично. (0x12B)
[0124/230044.056:ERROR:process_memory_win.cc(73)] ReadMemory at 0x9ee900 of 62 bytes failed: Запрос ReadProcessMemory или WriteProcessMemory был выполнен только частично. (0x12B)
[0124/230044.057:ERROR:process_memory_win.cc(73)] ReadMemory at 0x9ee950 of 64 bytes failed: Запрос ReadProcessMemory или WriteProcessMemory был выполнен только частично. (0x12B)
[0124/230044.057:ERROR:process_memory_win.cc(73)] ReadMemory at 0x9ee9a0 of 62 bytes failed: Запрос ReadProcessMemory или WriteProcessMemory был выполнен только частично. (0x12B)
[0124/230044.057:ERROR:process_memory_win.cc(73)] ReadMemory at 0x9ee9f0 of 60 bytes failed: Запрос ReadProcessMemory или WriteProcessMemory был выполнен только частично. (0x12B)
[0124/230044.057:ERROR:process_memory_win.cc(73)] ReadMemory at 0x9eea40 of 60 bytes failed: Запрос ReadProcessMemory или WriteProcessMemory был выполнен только частично. (0x12B)
[0124/230044.057:ERROR:process_memory_win.cc(73)] ReadMemory at 0x9eea90 of 64 bytes failed: Запрос ReadProcessMemory или WriteProcessMemory был выполнен только частично. (0x12B)
[0124/230044.057:ERROR:process_memory_win.cc(73)] ReadMemory at 0x9eeae0 of 62 bytes failed: Запрос ReadProcessMemory или WriteProcessMemory был выполнен только частично. (0x12B)
[0124/230044.058:ERROR:process_memory_win.cc(73)] ReadMemory at 0x9eeb30 of 58 bytes failed: Запрос ReadProcessMemory или WriteProcessMemory был выполнен только частично. (0x12B)
[0124/230044.058:ERROR:process_memory_win.cc(73)] ReadMemory at 0x9eeb80 of 64 bytes failed: Запрос ReadProcessMemory или WriteProcessMemory был выполнен только частично. (0x12B)
[0124/230044.058:ERROR:process_memory_win.cc(73)] ReadMemory at 0x9efab0 of 132 bytes failed: Запрос ReadProcessMemory или WriteProcessMemory был выполнен только частично. (0x12B)
[0124/230044.058:ERROR:process_memory_win.cc(73)] ReadMemory at 0x9f98c0 of 54 bytes failed: Запрос ReadProcessMemory или WriteProcessMemory был выполнен только частично. (0x12B)
[0124/230044.058:ERROR:process_memory_win.cc(73)] ReadMemory at 0x9fc410 of 80 bytes failed: Запрос ReadProcessMemory или WriteProcessMemory был выполнен только частично. (0x12B)
[0124/230044.058:ERROR:process_memory_win.cc(73)] ReadMemory at 0x9fd730 of 146 bytes failed: Запрос ReadProcessMemory или WriteProcessMemory был выполнен только частично. (0x12B)
[0124/230044.059:ERROR:process_memory_win.cc(73)] ReadMemory at 0x9fe000 of 132 bytes failed: Запрос ReadProcessMemory или WriteProcessMemory был выполнен только частично. (0x12B)
[0124/230044.059:ERROR:process_memory_win.cc(73)] ReadMemory at 0x9fe0f0 of 132 bytes failed: Запрос ReadProcessMemory или WriteProcessMemory был выполнен только частично. (0x12B)
[0124/230044.059:ERROR:process_memory_win.cc(73)] ReadMemory at 0x9fe210 of 132 bytes failed: Запрос ReadProcessMemory или WriteProcessMemory был выполнен только частично. (0x12B)
[0124/230044.059:ERROR:process_memory_win.cc(73)] ReadMemory at 0x9fe300 of 132 bytes failed: Запрос ReadProcessMemory или WriteProcessMemory был выполнен только частично. (0x12B)
[0124/230044.059:ERROR:process_memory_win.cc(73)] ReadMemory at 0x9fe3f0 of 132 bytes failed: Запрос ReadProcessMemory или WriteProcessMemory был выполнен только частично. (0x12B)
[0124/230044.059:ERROR:process_memory_win.cc(73)] ReadMemory at 0x9fe4e0 of 132 bytes failed: Запрос ReadProcessMemory или WriteProcessMemory был выполнен только частично. (0x12B)
[0124/230044.060:ERROR:process_memory_win.cc(73)] ReadMemory at 0x9fe5d0 of 132 bytes failed: Запрос ReadProcessMemory или WriteProcessMemory был выполнен только частично. (0x12B)
[0124/230044.060:ERROR:process_memory_win.cc(73)] ReadMemory at 0x9fe6c0 of 132 bytes failed: Запрос ReadProcessMemory или WriteProcessMemory был выполнен только частично. (0x12B)
[0124/230044.060:ERROR:process_memory_win.cc(73)] ReadMemory at 0x9fe7b0 of 132 bytes failed: Запрос ReadProcessMemory или WriteProcessMemory был выполнен только частично. (0x12B)
[0124/230044.060:ERROR:process_memory_win.cc(73)] ReadMemory at 0x9fe8a0 of 132 bytes failed: Запрос ReadProcessMemory или WriteProcessMemory был выполнен только частично. (0x12B)
[0124/230044.060:ERROR:process_memory_win.cc(73)] ReadMemory at 0x9fe990 of 132 bytes failed: Запрос ReadProcessMemory или WriteProcessMemory был выполнен только частично. (0x12B)
[0124/230044.060:ERROR:process_memory_win.cc(73)] ReadMemory at 0x9fea80 of 132 bytes failed: Запрос ReadProcessMemory или WriteProcessMemory был выполнен только частично. (0x12B)
[0124/230044.060:ERROR:process_memory_win.cc(73)] ReadMemory at 0x9feb70 of 132 bytes failed: Запрос ReadProcessMemory или WriteProcessMemory был выполнен только частично. (0x12B)
[0124/230044.061:ERROR:process_memory_win.cc(73)] ReadMemory at 0x9fec60 of 132 bytes failed: Запрос ReadProcessMemory или WriteProcessMemory был выполнен только частично. (0x12B)
[0124/230044.061:ERROR:process_memory_win.cc(73)] ReadMemory at 0x9fed50 of 132 bytes failed: Запрос ReadProcessMemory или WriteProcessMemory был выполнен только частично. (0x12B)
[0124/230044.061:ERROR:process_memory_win.cc(73)] ReadMemory at 0x9fee40 of 132 bytes failed: Запрос ReadProcessMemory или WriteProcessMemory был выполнен только частично. (0x12B)
[0124/230044.061:ERROR:process_memory_win.cc(73)] ReadMemory at 0x9fef30 of 132 bytes failed: Запрос ReadProcessMemory или WriteProcessMemory был выполнен только частично. (0x12B)
[0124/230044.061:ERROR:process_memory_win.cc(73)] ReadMemory at 0x9ff020 of 132 bytes failed: Запрос ReadProcessMemory или WriteProcessMemory был выполнен только частично. (0x12B)
[0124/230044.061:ERROR:process_memory_win.cc(73)] ReadMemory at 0x9ff110 of 132 bytes failed: Запрос ReadProcessMemory или WriteProcessMemory был выполнен только частично. (0x12B)
[0124/230044.107:ERROR:process_memory_win.cc(73)] ReadMemory at 0x9ff200 of 132 bytes failed: Запрос ReadProcessMemory или WriteProcessMemory был выполнен только частично. (0x12B)
[0124/230044.107:ERROR:process_memory_win.cc(73)] ReadMemory at 0x9ff2f0 of 132 bytes failed: Запрос ReadProcessMemory или WriteProcessMemory был выполнен только частично. (0x12B)
[0124/230044.107:ERROR:process_memory_win.cc(73)] ReadMemory at 0x9ff3e0 of 132 bytes failed: Запрос ReadProcessMemory или WriteProcessMemory был выполнен только частично. (0x12B)
[0124/230044.107:ERROR:process_memory_win.cc(73)] ReadMemory at 0x9ff4d0 of 132 bytes failed: Запрос ReadProcessMemory или WriteProcessMemory был выполнен только частично. (0x12B)
[0124/230044.107:ERROR:process_memory_win.cc(73)] ReadMemory at 0x9ff5c0 of 132 bytes failed: Запрос ReadProcessMemory или WriteProcessMemory был выполнен только частично. (0x12B)
[0124/230044.108:ERROR:process_memory_win.cc(73)] ReadMemory at 0x9ff6b0 of 132 bytes failed: Запрос ReadProcessMemory или WriteProcessMemory был выполнен только частично. (0x12B)
[0124/230044.108:ERROR:process_memory_win.cc(73)] ReadMemory at 0x9ff7a0 of 132 bytes failed: Запрос ReadProcessMemory или WriteProcessMemory был выполнен только частично. (0x12B)
[0124/230044.108:ERROR:process_memory_win.cc(73)] ReadMemory at 0x9ff890 of 132 bytes failed: Запрос ReadProcessMemory или WriteProcessMemory был выполнен только частично. (0x12B)
[0124/230044.108:ERROR:process_memory_win.cc(73)] ReadMemory at 0x9ff980 of 132 bytes failed: Запрос ReadProcessMemory или WriteProcessMemory был выполнен только частично. (0x12B)
[0124/230044.108:ERROR:process_memory_win.cc(73)] ReadMemory at 0x9ffa70 of 132 bytes failed: Запрос ReadProcessMemory или WriteProcessMemory был выполнен только частично. (0x12B)
[0124/230044.108:ERROR:process_memory_win.cc(73)] ReadMemory at 0x9ffb60 of 132 bytes failed: Запрос ReadProcessMemory или WriteProcessMemory был выполнен только частично. (0x12B)
[0124/230044.109:ERROR:process_memory_win.cc(73)] ReadMemory at 0x9ffc50 of 132 bytes failed: Запрос ReadProcessMemory или WriteProcessMemory был выполнен только частично. (0x12B)
[0124/230044.109:ERROR:process_memory_win.cc(73)] ReadMemory at 0x9ffd40 of 132 bytes failed: Запрос ReadProcessMemory или WriteProcessMemory был выполнен только частично. (0x12B)
[0124/230044.109:ERROR:process_memory_win.cc(73)] ReadMemory at 0x9ffe30 of 132 bytes failed: Запрос ReadProcessMemory или WriteProcessMemory был выполнен только частично. (0x12B)
[0124/230044.109:ERROR:process_memory_win.cc(73)] ReadMemory at 0xa02940 of 54 bytes failed: Запрос ReadProcessMemory или WriteProcessMemory был выполнен только частично. (0x12B)
[0124/230044.109:ERROR:process_memory_win.cc(73)] ReadMemory at 0xa11390 of 512 bytes failed: Запрос ReadProcessMemory или WriteProcessMemory был выполнен только частично. (0x12B)
[0124/230044.109:ERROR:process_memory_win.cc(73)] ReadMemory at 0xa21d00 of 132 bytes failed: Запрос ReadProcessMemory или WriteProcessMemory был выполнен только частично. (0x12B)
[0124/230044.110:ERROR:process_memory_win.cc(73)] ReadMemory at 0xa22130 of 512 bytes failed: Запрос ReadProcessMemory или WriteProcessMemory был выполнен только частично. (0x12B)
[0124/230044.110:ERROR:process_memory_win.cc(73)] ReadMemory at 0xa57040 of 66 bytes failed: Запрос ReadProcessMemory или WriteProcessMemory был выполнен только частично. (0x12B)
[0124/230044.110:ERROR:process_memory_win.cc(73)] ReadMemory at 0xa5c4e0 of 512 bytes failed: Запрос ReadProcessMemory или WriteProcessMemory был выполнен только частично. (0x12B)
[0124/230044.110:ERROR:process_memory_win.cc(73)] ReadMemory at 0xa706c0 of 512 bytes failed: Запрос ReadProcessMemory или WriteProcessMemory был выполнен только частично. (0x12B)
[0124/230044.110:ERROR:process_memory_win.cc(73)] ReadMemory at 0xa753d0 of 512 bytes failed: Запрос ReadProcessMemory или WriteProcessMemory был выполнен только частично. (0x12B)
[0124/230044.110:ERROR:process_memory_win.cc(73)] ReadMemory at 0xa79600 of 592 bytes failed: Запрос ReadProcessMemory или WriteProcessMemory был выполнен только частично. (0x12B)
[0124/230044.110:ERROR:process_memory_win.cc(73)] ReadMemory at 0xa89fb8 of 512 bytes failed: Запрос ReadProcessMemory или WriteProcessMemory был выполнен только частично. (0x12B)
[0124/230044.111:ERROR:process_memory_win.cc(73)] ReadMemory at 0xa8f381 of 512 bytes failed: Запрос ReadProcessMemory или WriteProcessMemory был выполнен только частично. (0x12B)
[0124/230044.111:ERROR:process_memory_win.cc(73)] ReadMemory at 0xa94320 of 704 bytes failed: Запрос ReadProcessMemory или WriteProcessMemory был выполнен только частично. (0x12B)
[0124/230044.111:ERROR:process_memory_win.cc(73)] ReadMemory at 0xa9b600 of 512 bytes failed: Запрос ReadProcessMemory или WriteProcessMemory был выполнен только частично. (0x12B)
[0124/230044.111:ERROR:process_memory_win.cc(73)] ReadMemory at 0xaa5ba0 of 712 bytes failed: Запрос ReadProcessMemory или WriteProcessMemory был выполнен только частично. (0x12B)
[0124/230044.111:ERROR:process_memory_win.cc(73)] ReadMemory at 0xab1f70 of 512 bytes failed: Запрос ReadProcessMemory или WriteProcessMemory был выполнен только частично. (0x12B)
[0124/230044.111:ERROR:process_memory_win.cc(73)] ReadMemory at 0xfeff80 of 512 bytes failed: Запрос ReadProcessMemory или WriteProcessMemory был выполнен только частично. (0x12B)
[0124/230044.112:ERROR:process_memory_win.cc(73)] ReadMemory at 0x2dcba70 of 512 bytes failed: Запрос ReadProcessMemory или WriteProcessMemory был выполнен только частично. (0x12B)
[0124/230044.112:ERROR:process_memory_win.cc(73)] ReadMemory at 0x2e15430 of 512 bytes failed: Запрос ReadProcessMemory или WriteProcessMemory был выполнен только частично. (0x12B)
[0124/230044.112:ERROR:process_memory_win.cc(73)] ReadMemory at 0x7a00030 of 512 bytes failed: Запрос ReadProcessMemory или WriteProcessMemory был выполнен только частично. (0x12B)
[0124/230044.112:ERROR:process_memory_win.cc(73)] ReadMemory at 0x7a0c0f0 of 512 bytes failed: Запрос ReadProcessMemory или WriteProcessMemory был выполнен только частично. (0x12B)
[0124/230044.112:ERROR:process_memory_win.cc(73)] ReadMemory at 0x7a25040 of 512 bytes failed: Запрос ReadProcessMemory или WriteProcessMemory был выполнен только частично. (0x12B)
[0124/230044.112:ERROR:process_memory_win.cc(73)] ReadMemory at 0x7a25ba0 of 512 bytes failed: Запрос ReadProcessMemory или WriteProcessMemory был выполнен только частично. (0x12B)
[0124/230044.112:ERROR:process_memory_win.cc(73)] ReadMemory at 0x7a30836 of 524 bytes failed: Запрос ReadProcessMemory или WriteProcessMemory был выполнен только частично. (0x12B)
[0124/230044.113:ERROR:process_memory_win.cc(73)] ReadMemory at 0x7a453c0 of 512 bytes failed: Запрос ReadProcessMemory или WriteProcessMemory был выполнен только частично. (0x12B)
[0124/230044.113:ERROR:process_memory_win.cc(73)] ReadMemory at 0x7ae7170 of 512 bytes failed: Запрос ReadProcessMemory или WriteProcessMemory был выполнен только частично. (0x12B)
[0124/230044.113:ERROR:process_memory_win.cc(73)] ReadMemory at 0x7b0b3d0 of 512 bytes failed: Запрос ReadProcessMemory или WriteProcessMemory был выполнен только частично. (0x12B)
[0124/230044.113:ERROR:process_memory_win.cc(73)] ReadMemory at 0x7b0b8d0 of 512 bytes failed: Запрос ReadProcessMemory или WriteProcessMemory был выполнен только частично. (0x12B)
[0124/230044.113:ERROR:process_memory_win.cc(73)] ReadMemory at 0xc0651e0 of 512 bytes failed: Запрос ReadProcessMemory или WriteProcessMemory был выполнен только частично. (0x12B)
[0124/230044.113:ERROR:process_memory_win.cc(73)] ReadMemory at 0x2130cf40 of 520 bytes failed: Запрос ReadProcessMemory или WriteProcessMemory был выполнен только частично. (0x12B)
[0124/230044.114:ERROR:process_memory_win.cc(73)] ReadMemory at 0x770d7bc8 of 18 bytes failed: Запрос ReadProcessMemory или WriteProcessMemory был выполнен только частично. (0x12B)
[0124/230044.114:ERROR:process_memory_win.cc(73)] ReadMemory at 0x770da6c8 of 576 bytes failed: Запрос ReadProcessMemory или WriteProcessMemory был выполнен только частично. (0x12B)
[0124/230044.114:ERROR:process_memory_win.cc(73)] ReadMemory at 0x770da928 of 672 bytes failed: Запрос ReadProcessMemory или WriteProcessMemory был выполнен только частично. (0x12B)
[0124/230044.114:ERROR:process_memory_win.cc(73)] ReadMemory at 0x770e3160 of 512 bytes failed: Запрос ReadProcessMemory или WriteProcessMemory был выполнен только частично. (0x12B)
[0124/230044.114:ERROR:process_memory_win.cc(73)] ReadMemory at 0x7713984a of 592 bytes failed: Запрос ReadProcessMemory или WriteProcessMemory был выполнен только частично. (0x12B)
[0124/230044.114:ERROR:process_memory_win.cc(73)] ReadMemory at 0x77139dba of 512 bytes failed: Запрос ReadProcessMemory или WriteProcessMemory был выполнен только частично. (0x12B)
[0124/230044.114:ERROR:process_memory_win.cc(73)] ReadMemory at 0x7713b0fa of 528 bytes failed: Запрос ReadProcessMemory или WriteProcessMemory был выполнен только частично. (0x12B)
[0124/230044.115:ERROR:process_memory_win.cc(73)] ReadMemory at 0x771c9360 of 512 bytes failed: Запрос ReadProcessMemory или WriteProcessMemory был выполнен только частично. (0x12B)
[0124/230044.115:ERROR:process_memory_win.cc(73)] ReadMemory at 0x771f80d8 of 40 bytes failed: Запрос ReadProcessMemory или WriteProcessMemory был выполнен только частично. (0x12B)
[0124/230044.115:ERROR:process_memory_win.cc(73)] ReadMemory at 0x77202dc0 of 48 bytes failed: Запрос ReadProcessMemory или WriteProcessMemory был выполнен только частично. (0x12B)
[0124/230044.115:ERROR:process_memory_win.cc(73)] ReadMemory at 0x77202e40 of 64 bytes failed: Запрос ReadProcessMemory или WriteProcessMemory был выполнен только частично. (0x12B)
[0124/230044.115:ERROR:process_memory_win.cc(73)] ReadMemory at 0xb6635f70 of 520 bytes failed: Запрос ReadProcessMemory или WriteProcessMemory был выполнен только частично. (0x12B)
[0124/230044.115:ERROR:process_memory_win.cc(73)] ReadMemory at 0x70ecf018c0 of 512 bytes failed: Запрос ReadProcessMemory или WriteProcessMemory был выполнен только частично. (0x12B)
[0124/230044.115:ERROR:process_memory_win.cc(73)] ReadMemory at 0x7fec3a5fdaa of 512 bytes failed: Запрос ReadProcessMemory или WriteProcessMemory был выполнен только частично. (0x12B)
[0124/230044.116:ERROR:process_memory_win.cc(73)] ReadMemory at 0x7fecb8c8f88 of 512 bytes failed: Запрос ReadProcessMemory или WriteProcessMemory был выполнен только частично. (0x12B)
[0124/230044.116:ERROR:process_memory_win.cc(73)] ReadMemory at 0x7fed53ba8b7 of 512 bytes failed: Запрос ReadProcessMemory или WriteProcessMemory был выполнен только частично. (0x12B)
[0124/230044.116:ERROR:process_memory_win.cc(73)] ReadMemory at 0x7fffff9e000 of 6024 bytes failed: Запрос ReadProcessMemory или WriteProcessMemory был выполнен только частично. (0x12B)
[0124/230044.116:ERROR:process_memory_win.cc(73)] ReadMemory at 0x7fffffa0000 of 6024 bytes failed: Запрос ReadProcessMemory или WriteProcessMemory был выполнен только частично. (0x12B)
[0124/230044.116:ERROR:process_memory_win.cc(73)] ReadMemory at 0x7fffffa2000 of 6024 bytes failed: Запрос ReadProcessMemory или WriteProcessMemory был выполнен только частично. (0x12B)
[0124/230044.117:ERROR:process_memory_win.cc(73)] ReadMemory at 0x7fffffa4000 of 6024 bytes failed: Запрос ReadProcessMemory или WriteProcessMemory был выполнен только частично. (0x12B)
[0124/230044.117:ERROR:process_memory_win.cc(73)] ReadMemory at 0x7fffffa6000 of 6024 bytes failed: Запрос ReadProcessMemory или WriteProcessMemory был выполнен только частично. (0x12B)
[0124/230044.117:ERROR:process_memory_win.cc(73)] ReadMemory at 0x7fffffa8000 of 6024 bytes failed: Запрос ReadProcessMemory или WriteProcessMemory был выполнен только частично. (0x12B)
[0124/230044.179:ERROR:process_memory_win.cc(73)] ReadMemory at 0x7fffffaa000 of 6024 bytes failed: Запрос ReadProcessMemory или WriteProcessMemory был выполнен только частично. (0x12B)
[0124/230044.181:ERROR:process_memory_win.cc(73)] ReadMemory at 0x7fffffac000 of 6024 bytes failed: Запрос ReadProcessMemory или WriteProcessMemory был выполнен только частично. (0x12B)
[0124/230044.181:ERROR:process_memory_win.cc(73)] ReadMemory at 0x7fffffae000 of 6024 bytes failed: Запрос ReadProcessMemory или WriteProcessMemory был выполнен только частично. (0x12B)
[0124/230044.181:ERROR:process_memory_win.cc(73)] ReadMemory at 0x7fffffd3000 of 6024 bytes failed: Запрос ReadProcessMemory или WriteProcessMemory был выполнен только частично. (0x12B)
[0124/230044.181:ERROR:process_memory_win.cc(73)] ReadMemory at 0x7fffffd5000 of 6024 bytes failed: Запрос ReadProcessMemory или WriteProcessMemory был выполнен только частично. (0x12B)
[0124/230044.182:ERROR:process_memory_win.cc(73)] ReadMemory at 0x7fffffd7000 of 6024 bytes failed: Запрос ReadProcessMemory или WriteProcessMemory был выполнен только частично. (0x12B)
[0124/230044.182:ERROR:process_memory_win.cc(73)] ReadMemory at 0x7fffffd9000 of 6024 bytes failed: Запрос ReadProcessMemory или WriteProcessMemory был выполнен только частично. (0x12B)
[0124/230044.182:ERROR:process_memory_win.cc(73)] ReadMemory at 0x7fffffdb000 of 6024 bytes failed: Запрос ReadProcessMemory или WriteProcessMemory был выполнен только частично. (0x12B)
[0124/230044.182:ERROR:process_memory_win.cc(73)] ReadMemory at 0x7fffffdd000 of 6024 bytes failed: Запрос ReadProcessMemory или WriteProcessMemory был выполнен только частично. (0x12B)
[0124/230044.183:ERROR:process_memory_win.cc(73)] ReadMemory at 0x7fffffdf000 of 852 bytes failed: Запрос ReadProcessMemory или WriteProcessMemory был выполнен только частично. (0x12B)
[0124/230044.252:ERROR:scoped_process_suspend.cc(40)] NtResumeProcess: Попытка доступа к процессу, выполняющему процедуру завершения. (0xc000010a)
[0125/150049.584:ERROR:directory_reader_win.cc(43)] FindFirstFile: Системе не удается найти указанный путь. (0x3)
[0126/151447.297:ERROR:directory_reader_win.cc(43)] FindFirstFile: Системе не удается найти указанный путь. (0x3)
